<?xml version="1.0" encoding="UTF-8"?>
<!-- Generated by org.testng.reporters.JUnitReportReporter -->
<testsuite hostname="VMDBITMZHF" name="fcstestingsuite.fsnrgn.LoginTest" tests="3" failures="0" timestamp="4 Aug 2016 12:52:12 GMT" time="25.415" errors="0">
  <testcase name="CAPageTest" time="7.705" classname="fcstestingsuite.fsnrgn.LoginTest"/>
  <testcase name="PRPageTest" time="7.595" classname="fcstestingsuite.fsnrgn.LoginTest"/>
  <testcase name="USPageTest" time="10.115" classname="fcstestingsuite.fsnrgn.LoginTest"/>
</testsuite> <!-- fcstestingsuite.fsnrgn.LoginTest -->
