<?xml version="1.0" encoding="UTF-8"?>
<!-- Generated by org.testng.reporters.JUnitReportReporter -->
<testsuite hostname="VMDBITMZHF" name="fcstestingsuite.fsnrgn.SiteHistoryTest" tests="3" failures="0" timestamp="4 Aug 2016 12:52:12 GMT" time="26.874" errors="0">
  <testcase name="EmailValidation" time="6.271" classname="fcstestingsuite.fsnrgn.SiteHistoryTest"/>
  <testcase name="SRDetailValidation" time="8.903" classname="fcstestingsuite.fsnrgn.SiteHistoryTest"/>
  <testcase name="SiteHistoryNavigationTest" time="11.700" classname="fcstestingsuite.fsnrgn.SiteHistoryTest"/>
</testsuite> <!-- fcstestingsuite.fsnrgn.SiteHistoryTest -->
