<?xml version="1.0" encoding="UTF-8"?>
<!-- Generated by org.testng.reporters.JUnitReportReporter -->
<testsuite hostname="VMDBITMZHF" name="fcstestingsuite.fsnrgn.AppTest" tests="1" failures="0" timestamp="4 Aug 2016 12:52:12 GMT" time="0.001" errors="0">
  <testcase name="testApp" time="0.001" classname="fcstestingsuite.fsnrgn.AppTest"/>
</testsuite> <!-- fcstestingsuite.fsnrgn.AppTest -->
