<?xml version="1.0" encoding="UTF-8"?>
<!-- Generated by org.testng.reporters.JUnitReportReporter -->
<testsuite hostname="VMDBITMZHF" name="fcstestingsuite.fsnrgn.LoginTest" tests="3" failures="0" timestamp="25 Oct 2016 21:07:56 GMT" time="16.146" errors="0">
  <testcase name="USPageTest" time="5.714" classname="fcstestingsuite.fsnrgn.LoginTest"/>
  <testcase name="CAPageTest" time="6.411" classname="fcstestingsuite.fsnrgn.LoginTest"/>
  <testcase name="PRPageTest" time="4.021" classname="fcstestingsuite.fsnrgn.LoginTest"/>
</testsuite> <!-- fcstestingsuite.fsnrgn.LoginTest -->
