<?xml version="1.0" encoding="UTF-8"?>
<!-- Generated by org.testng.reporters.JUnitReportReporter -->
<testsuite hostname="VMDBITMZHF" name="fcstestingsuite.fsnrgn.QuotesEstimatesTest" tests="4" failures="0" timestamp="25 Oct 2016 21:12:18 GMT" time="60.687" errors="0">
  <testcase name="QuoteApprovalOptionsTest" time="19.517" classname="fcstestingsuite.fsnrgn.QuotesEstimatesTest"/>
  <testcase name="QuoteApprovedTest" time="16.586" classname="fcstestingsuite.fsnrgn.QuotesEstimatesTest"/>
  <testcase name="QuoteRequestRevisionstest" time="12.146" classname="fcstestingsuite.fsnrgn.QuotesEstimatesTest"/>
  <testcase name="QuoteDeclinedtest" time="12.438" classname="fcstestingsuite.fsnrgn.QuotesEstimatesTest"/>
</testsuite> <!-- fcstestingsuite.fsnrgn.QuotesEstimatesTest -->
