<?xml version="1.0" encoding="UTF-8"?>
<!-- Generated by org.testng.reporters.JUnitReportReporter -->
<testsuite hostname="VMDBITMZHF" name="fsntests.NTEWorkSheetTests" tests="1" failures="0" timestamp="6 Jan 2017 15:55:40 GMT" time="1.383" errors="0">
  <testcase name="LaborCalculateTest" time="1.383" classname="fsntests.NTEWorkSheetTests"/>
</testsuite> <!-- fsntests.NTEWorkSheetTests -->
