<?xml version="1.0" encoding="UTF-8"?>
<!-- Generated by org.testng.reporters.JUnitReportReporter -->
<testsuite hostname="VMDBITMZHF" name="fsntests.ProdSmokteTests" tests="1" failures="0" timestamp="20 Feb 2017 18:02:51 GMT" time="18.115" errors="0">
  <testcase name="SiteUserSRCreateSiteSelectionTest" time="18.115" classname="fsntests.ProdSmokteTests"/>
</testsuite> <!-- fsntests.ProdSmokteTests -->
