<?xml version="1.0" encoding="UTF-8"?>
<!-- Generated by org.testng.reporters.JUnitReportReporter -->
<testsuite hostname="VMDBITMZHF" name="fcstestingsuite.fsnrgn.InvoiceTest" tests="1" failures="0" timestamp="5 Aug 2016 17:01:59 GMT" time="0.006" errors="0">
  <testcase name="f" time="0.006" classname="fcstestingsuite.fsnrgn.InvoiceTest"/>
</testsuite> <!-- fcstestingsuite.fsnrgn.InvoiceTest -->
