<?xml version="1.0" encoding="UTF-8"?>
<!-- Generated by org.testng.reporters.JUnitReportReporter -->
<testsuite hostname="VMDBITMZHF" name="fsntests.ContactServiceCentersmoke_medium" tests="1" failures="0" timestamp="13 Jun 2017 18:55:37 GMT" time="50.384" errors="0">
  <testcase name="ContactServiceCenterSmoke" time="50.384" classname="fsntests.ContactServiceCentersmoke_medium"/>
</testsuite> <!-- fsntests.ContactServiceCentersmoke_medium -->
