<?xml version="1.0" encoding="UTF-8"?>
<!-- Generated by org.testng.reporters.JUnitReportReporter -->
<testsuite hostname="VMDBITMZHF" name="fsntests.SiteUserSiteSelection_medium" tests="1" failures="0" timestamp="18 Apr 2017 19:32:42 GMT" time="25.123" errors="0">
  <testcase name="SiteUserSRCreateSiteSelectionTest" time="25.123" classname="fsntests.SiteUserSiteSelection_medium"/>
</testsuite> <!-- fsntests.SiteUserSiteSelection_medium -->
