<?xml version="1.0" encoding="UTF-8"?>
<!-- Generated by org.testng.reporters.JUnitReportReporter -->
<testsuite hostname="VMDBITMZHF" name="fcstestingsuite.fsnrgn.SiteHistoryTest" tests="3" failures="0" timestamp="25 Oct 2016 21:07:56 GMT" time="28.702" errors="0">
  <testcase name="EmailValidation" time="6.524" classname="fcstestingsuite.fsnrgn.SiteHistoryTest"/>
  <testcase name="SRDetailValidation" time="6.434" classname="fcstestingsuite.fsnrgn.SiteHistoryTest"/>
  <testcase name="SiteHistoryNavigationTest" time="15.744" classname="fcstestingsuite.fsnrgn.SiteHistoryTest"/>
</testsuite> <!-- fcstestingsuite.fsnrgn.SiteHistoryTest -->
