<?xml version="1.0" encoding="UTF-8"?>
<!-- Generated by org.testng.reporters.JUnitReportReporter -->
<testsuite hostname="VMDBITMZHF" name="fsntests.SiteHistoryTest" tests="3" failures="0" timestamp="30 May 2017 19:52:46 GMT" time="58.462" errors="0">
  <testcase name="SRDetailValidation" time="13.766" classname="fsntests.SiteHistoryTest"/>
  <testcase name="SiteHistoryNavigationTest" time="39.716" classname="fsntests.SiteHistoryTest"/>
  <testcase name="EmailValidation" time="4.980" classname="fsntests.SiteHistoryTest"/>
</testsuite> <!-- fsntests.SiteHistoryTest -->
