<?xml version="1.0" encoding="UTF-8"?>
<!-- Generated by org.testng.reporters.JUnitReportReporter -->
<testsuite hostname="VMDBITMZHF" name="fsntests.PracticeTest" tests="1" failures="0" timestamp="2 Jun 2017 14:15:28 GMT" time="8.061" errors="0">
  <testcase name="NavigatetoSRTest" time="8.061" classname="fsntests.PracticeTest"/>
</testsuite> <!-- fsntests.PracticeTest -->
