<?xml version="1.0" encoding="UTF-8"?>
<!-- Generated by org.testng.reporters.JUnitReportReporter -->
<testsuite hostname="VMDBITMZHF" name="fcstestingsuite.fsnrgn.RTPInvoiceTest" tests="1" failures="0" timestamp="20 Sep 2016 21:08:05 GMT" time="20.417" errors="0">
  <testcase name="f" time="20.417" classname="fcstestingsuite.fsnrgn.RTPInvoiceTest"/>
</testsuite> <!-- fcstestingsuite.fsnrgn.RTPInvoiceTest -->
