<?xml version="1.0" encoding="UTF-8"?>
<!-- Generated by org.testng.reporters.JUnitReportReporter -->
<testsuite hostname="VMDBITMZHF" name="fsntests.SRCreateTest1" tests="1" failures="0" timestamp="2 Jun 2017 05:27:12 GMT" time="12.740" errors="0">
  <testcase name="SRPageNavigationTest" time="12.740" classname="fsntests.SRCreateTest1"/>
</testsuite> <!-- fsntests.SRCreateTest1 -->
