<?xml version="1.0" encoding="UTF-8"?>
<!-- Generated by org.testng.reporters.JUnitReportReporter -->
<testsuite hostname="VMDBITMZHF" name="swttests.CustomerWorkPlanSearchTests" tests="1" failures="0" timestamp="24 Jan 2017 14:02:16 GMT" time="4.885" errors="0">
  <testcase name="f" time="4.885" classname="swttests.CustomerWorkPlanSearchTests"/>
</testsuite> <!-- swttests.CustomerWorkPlanSearchTests -->
