<?xml version="1.0" encoding="UTF-8"?>
<!-- Generated by org.testng.reporters.JUnitReportReporter -->
<testsuite hostname="VMDBITMZHF" name="fsntests.SRCreatesmoke_urgent" tests="4" failures="0" timestamp="21 Jun 2017 16:54:24 GMT" time="88.536" errors="0">
  <testcase name="ChemicalDisposalAlertTest_High" time="19.231" classname="fsntests.SRCreatesmoke_urgent"/>
  <testcase name="ConfirmCorporateSRCreate_urgent" time="31.388" classname="fsntests.SRCreatesmoke_urgent"/>
  <testcase name="ChemicalSpillAlertTest_High" time="18.837" classname="fsntests.SRCreatesmoke_urgent"/>
  <testcase name="BioHazardAlertTest_High" time="19.080" classname="fsntests.SRCreatesmoke_urgent"/>
</testsuite> <!-- fsntests.SRCreatesmoke_urgent -->
