<?xml version="1.0" encoding="UTF-8"?>
<!-- Generated by org.testng.reporters.JUnitReportReporter -->
<testsuite hostname="VMDBITMZHF" name="fsntests.MSI01Invoicing" tests="1" failures="0" timestamp="22 Nov 2016 19:49:26 GMT" time="52.364" errors="0">
  <testcase name="SPInvoiceSubmissionTest" time="52.364" classname="fsntests.MSI01Invoicing"/>
</testsuite> <!-- fsntests.MSI01Invoicing -->
