<?xml version="1.0" encoding="UTF-8"?>
<!-- Generated by org.testng.reporters.JUnitReportReporter -->
<testsuite hostname="VMDBITMZHF" name="fsntests.Logintestsmoke_urgent" tests="1" failures="0" timestamp="13 Jun 2017 18:55:37 GMT" time="6.649" errors="0">
  <testcase name="ConfirmCoporateUserLogin" time="6.649" classname="fsntests.Logintestsmoke_urgent"/>
</testsuite> <!-- fsntests.Logintestsmoke_urgent -->
