<?xml version="1.0" encoding="UTF-8"?>
<!-- Generated by org.testng.reporters.JUnitReportReporter -->
<testsuite hostname="VMDBITMZHF" name="fsntests.LoginTest" tests="3" failures="0" timestamp="30 May 2017 19:52:46 GMT" time="43.619" errors="0">
  <testcase name="USPageTest" time="10.922" classname="fsntests.LoginTest"/>
  <testcase name="CAPageTest" time="24.162" classname="fsntests.LoginTest"/>
  <testcase name="PRPageTest" time="8.535" classname="fsntests.LoginTest"/>
</testsuite> <!-- fsntests.LoginTest -->
