<?xml version="1.0" encoding="UTF-8"?>
<!-- Generated by org.testng.reporters.JUnitReportReporter -->
<testsuite hostname="VMDBITMZHF" name="fsntests.QuoteOptionsTestsmoke_urgent" tests="1" failures="0" timestamp="13 Jun 2017 18:55:37 GMT" time="30.480" errors="0">
  <testcase name="QuoteApprovalOptionsTest" time="30.480" classname="fsntests.QuoteOptionsTestsmoke_urgent"/>
</testsuite> <!-- fsntests.QuoteOptionsTestsmoke_urgent -->
