<?xml version="1.0" encoding="UTF-8"?>
<!-- Generated by org.testng.reporters.JUnitReportReporter -->
<testsuite hostname="VMDBITMZHF" name="swttests.LoginTestSWT" tests="8" failures="0" timestamp="24 Jan 2017 14:08:56 GMT" time="13.652" errors="0">
  <testcase name="LoginTestCredentials" time="0.583" classname="swttests.LoginTestSWT"/>
  <testcase name="LoginTestInvalidPassword" time="0.679" classname="swttests.LoginTestSWT"/>
  <testcase name="LogoutTest" time="4.373" classname="swttests.LoginTestSWT"/>
  <testcase name="PositiveLoginTest" time="3.623" classname="swttests.LoginTestSWT"/>
  <testcase name="LoginTestBlankCredentials" time="2.585" classname="swttests.LoginTestSWT"/>
  <testcase name="LoginTestInvalidUser" time="0.635" classname="swttests.LoginTestSWT"/>
  <testcase name="LoginTestBlankPassword" time="0.630" classname="swttests.LoginTestSWT"/>
  <testcase name="LoginTestBlankUser" time="0.544" classname="swttests.LoginTestSWT"/>
</testsuite> <!-- swttests.LoginTestSWT -->
