<?xml version="1.0" encoding="UTF-8"?>
<!-- Generated by org.testng.reporters.JUnitReportReporter -->
<testsuite hostname="VMDBITMZHF" name="fcstestingsuite.fsnrgn.LoginTest" tests="3" failures="0" timestamp="4 Aug 2016 12:09:11 GMT" time="28.773" errors="0">
  <testcase name="USPageTest" time="13.425" classname="fcstestingsuite.fsnrgn.LoginTest"/>
  <testcase name="CAPageTest" time="7.855" classname="fcstestingsuite.fsnrgn.LoginTest"/>
  <testcase name="PRPageTest" time="7.493" classname="fcstestingsuite.fsnrgn.LoginTest"/>
</testsuite> <!-- fcstestingsuite.fsnrgn.LoginTest -->
