<?xml version="1.0" encoding="UTF-8"?>
<!-- Generated by org.testng.reporters.JUnitReportReporter -->
<testsuite hostname="VMDBITMZHF" name="fcstestingsuite.fsnrgn.SiteHistoryTest" tests="3" failures="0" timestamp="4 Aug 2016 12:32:14 GMT" time="23.879" errors="0">
  <testcase name="EmailValidation" time="5.781" classname="fcstestingsuite.fsnrgn.SiteHistoryTest"/>
  <testcase name="SRDetailValidation" time="6.757" classname="fcstestingsuite.fsnrgn.SiteHistoryTest"/>
  <testcase name="SiteHistoryNavigationTest" time="11.341" classname="fcstestingsuite.fsnrgn.SiteHistoryTest"/>
</testsuite> <!-- fcstestingsuite.fsnrgn.SiteHistoryTest -->
